<?xml version="1.0" encoding="UTF-8"?>
<!-- Generated by org.testng.reporters.JUnitReportReporter -->
<testsuite skipped="0" hostname="DESKTOP-IJLUITG" name="com.nopCommerce.ExtentReporting" tests="3" failures="0" timestamp="2022-02-02T18:45:06 IST" time="30.730" errors="0">
  <testcase name="nopCommerceTitleTest" time="10.087" classname="com.nopCommerce.ExtentReporting"/>
  <system-out/>
  <testcase name="nopCommerceLoginTest" time="11.550" classname="com.nopCommerce.ExtentReporting"/>
  <system-out/>
  <testcase name="nopCommerceLogoTest" time="9.093" classname="com.nopCommerce.ExtentReporting"/>
  <system-out/>
</testsuite> <!-- com.nopCommerce.ExtentReporting -->
